<?xml version="1.0" encoding="UTF-8"?>
<!-- Generated by org.testng.reporters.JUnitXMLReporter -->
<testsuite hostname="Musa-Air.attlocal.net" ignored="3" name="Smoke Test" tests="1" failures="0" timestamp="2020-09-10T19:59:37 EDT" time="15.496" errors="0">
  <testcase name="validLogin" time="3.552" classname="com.hrms.testcases.LoginTest"/>
  <testcase name="invalidLogin" time="0.0" classname="com.hrms.testcases.LoginTest">
    <ignored/>
  </testcase> <!-- invalidLogin -->
  <testcase name="addEmployee" time="0.0" classname="com.hrms.testcases.AddEmployeeTest">
    <ignored/>
  </testcase> <!-- addEmployee -->
  <testcase name="addMultipleEmployees" time="0.0" classname="com.hrms.testcases.AddEmployeeTest">
    <ignored/>
  </testcase> <!-- addMultipleEmployees -->
</testsuite> <!-- Smoke Test -->
